<?xml version="1.0" encoding="UTF-8"?>
<testsuite name="(empty)"
	tests="6"
	failures="1"
	disabled="0"
	skipped="0"
	hostname=""
	time="1.5"
	timestamp="2026-08-21T09:54:06"
	>
	<testcase name="dispatch.parses_frame" classname="dispatch.parses_frame" time="0.1" status="run"/>
	<testcase name="dispatch.rejects_garbage" classname="dispatch.rejects_garbage" time="0.1" status="run">
		<failure message="expected error code 7"/>
	</testcase>
	<testcase name="dispatch.disabled_path" classname="dispatch.disabled_path" time="0.0" status="notrun">
		<skipped/>
	</testcase>
</testsuite>
